[2023-12-03 00:07:06,139]-[eventLoopGroupProxy-4-3] INFO  Application - [32m200 OK[m: [36mPOST[m - /kv/routeLateServiceManager0 in 2ms
[2023-12-03 00:07:16,089]-[eventLoopGroupProxy-4-4] INFO  Application - [32m200 OK[m: [36mPOST[m - /kv/routeLateServiceManager0 in 2ms
[2023-12-03 00:09:03,662]-[eventLoopGroupProxy-4-5] INFO  Application - [32m200 OK[m: [36mPOST[m - /kv/routeLateServiceManager0 in 3ms
[2023-12-03 00:09:05,193]-[eventLoopGroupProxy-4-6] INFO  Application - [32m200 OK[m: [36mPOST[m - /kv/routeLateServiceManager0 in 3ms
[2023-12-03 00:09:55,664]-[eventLoopGroupProxy-4-7] INFO  Application - [32m200 OK[m: [36mPOST[m - /kv/routeLateServiceManager0 in 3ms
[2023-12-03 00:15:59,156]-[eventLoopGroupProxy-4-8] INFO  Application - [32m200 OK[m: [36mPOST[m - /kv/routeLateServiceManager0 in 2ms
[2023-12-03 00:18:16,301]-[eventLoopGroupProxy-4-9] INFO  Application - [32m200 OK[m: [36mPOST[m - /kv/routeLateServiceManager0 in 2ms
[2023-12-03 00:18:20,956]-[eventLoopGroupProxy-4-10] INFO  Application - [32m200 OK[m: [36mPOST[m - /kv/routeLateServiceManager0 in 4ms
[2023-12-03 00:18:40,201]-[eventLoopGroupProxy-4-11] INFO  Application - [32m200 OK[m: [36mPOST[m - /kv/routeLateServiceManager0 in 2ms
[2023-12-03 00:22:03,568]-[eventLoopGroupProxy-4-12] INFO  Application - [32m200 OK[m: [36mPOST[m - /kv/routeLateServiceManager0 in 3ms
[2023-12-03 00:22:32,173]-[eventLoopGroupProxy-4-13] INFO  Application - [32m200 OK[m: [36mPOST[m - /kv/routeLateServiceManager0 in 3ms
[2023-12-03 00:23:34,215]-[eventLoopGroupProxy-4-14] INFO  Application - [32m200 OK[m: [36mPOST[m - /kv/routeLateServiceManager0 in 2ms
[2023-12-03 00:24:27,295]-[eventLoopGroupProxy-4-15] INFO  Application - [32m200 OK[m: [36mPOST[m - /kv/routeLateServiceManager0 in 2ms
[2023-12-03 00:24:55,605]-[eventLoopGroupProxy-4-16] INFO  Application - [32m200 OK[m: [36mPOST[m - /kv/routeLateServiceManager0 in 3ms
[2023-12-03 00:25:23,741]-[eventLoopGroupProxy-4-1] INFO  Application - [32m200 OK[m: [36mPOST[m - /kv/routeLateServiceManager0 in 3ms
[2023-12-03 00:25:58,840]-[eventLoopGroupProxy-4-2] INFO  Application - [32m200 OK[m: [36mPOST[m - /kv/routeLateServiceManager0 in 1ms
[2023-12-03 00:30:54,617]-[eventLoopGroupProxy-4-3] INFO  Application - [32m200 OK[m: [36mPOST[m - /kv/routeLateServiceManager0 in 3ms
[2023-12-03 00:31:40,978]-[eventLoopGroupProxy-4-4] INFO  Application - [32m200 OK[m: [36mPOST[m - /kv/routeLateServiceManager0 in 1ms
[2023-12-03 00:32:08,246]-[eventLoopGroupProxy-4-5] INFO  Application - [32m200 OK[m: [36mPOST[m - /kv/routeLateServiceManager0 in 2ms
[2023-12-03 00:35:30,381]-[eventLoopGroupProxy-4-6] INFO  Application - [32m200 OK[m: [36mPOST[m - /kv/routeLateServiceManager0 in 2ms
[2023-12-03 00:35:36,171]-[eventLoopGroupProxy-4-7] INFO  Application - [32m200 OK[m: [36mPOST[m - /kv/routeLateServiceManager0 in 2ms
[2023-12-03 00:38:05,406]-[eventLoopGroupProxy-4-8] INFO  Application - [32m200 OK[m: [36mPOST[m - /kv/routeLateServiceManager0 in 2ms
[2023-12-03 00:38:49,349]-[eventLoopGroupProxy-4-9] INFO  Application - [32m200 OK[m: [36mPOST[m - /kv/routeLateServiceManager0 in 2ms
[2023-12-03 00:39:17,212]-[eventLoopGroupProxy-4-10] INFO  Application - [32m200 OK[m: [36mPOST[m - /kv/routeLateServiceManager0 in 2ms
[2023-12-03 00:39:35,431]-[eventLoopGroupProxy-4-11] INFO  Application - [32m200 OK[m: [36mPOST[m - /kv/routeLateServiceManager0 in 2ms
[2023-12-03 00:42:25,888]-[eventLoopGroupProxy-4-12] INFO  Application - [32m200 OK[m: [36mPOST[m - /kv/routeLateServiceManager0 in 3ms
[2023-12-03 00:44:01,805]-[eventLoopGroupProxy-4-13] INFO  Application - [32m200 OK[m: [36mPOST[m - /kv/routeLateServiceManager0 in 2ms
[2023-12-03 00:44:07,646]-[eventLoopGroupProxy-4-14] INFO  Application - [32m200 OK[m: [36mPOST[m - /kv/routeLateServiceManager0 in 2ms
[2023-12-03 00:44:55,588]-[eventLoopGroupProxy-4-15] INFO  Application - [32m200 OK[m: [36mPOST[m - /kv/routeLateServiceManager0 in 2ms
[2023-12-03 00:46:52,735]-[eventLoopGroupProxy-4-16] INFO  Application - [32m200 OK[m: [36mPOST[m - /kv/routeLateServiceManager0 in 2ms
[2023-12-03 00:46:52,831]-[eventLoopGroupProxy-4-1] INFO  Application - [32m200 OK[m: [36mPOST[m - /kv/routeLateServiceManager0 in 2ms
[2023-12-03 00:51:12,453]-[eventLoopGroupProxy-4-2] INFO  Application - [32m200 OK[m: [36mPOST[m - /kv/routeLateServiceManager0 in 2ms
[2023-12-03 00:51:14,232]-[eventLoopGroupProxy-4-3] INFO  Application - [32m200 OK[m: [36mPOST[m - /kv/routeLateServiceManager0 in 2ms
[2023-12-03 00:53:53,411]-[eventLoopGroupProxy-4-4] INFO  Application - [32m200 OK[m: [36mPOST[m - /kv/routeLateServiceManager0 in 1ms
[2023-12-03 00:56:19,451]-[eventLoopGroupProxy-4-5] INFO  Application - [32m200 OK[m: [36mPOST[m - /kv/routeLateServiceManager0 in 3ms
[2023-12-03 00:56:19,470]-[eventLoopGroupProxy-4-6] INFO  Application - [32m200 OK[m: [36mPOST[m - /kv/routeLateServiceManager0 in 2ms
[2023-12-03 00:56:19,488]-[eventLoopGroupProxy-4-7] INFO  Application - [32m200 OK[m: [36mPOST[m - /kv/routeLateServiceManager0 in 1ms
[2023-12-03 00:56:43,547]-[eventLoopGroupProxy-4-8] INFO  Application - [32m200 OK[m: [36mPOST[m - /kv/routeLateServiceManager0 in 3ms
[2023-12-03 00:56:43,547]-[eventLoopGroupProxy-4-9] INFO  Application - [32m200 OK[m: [36mPOST[m - /kv/routeLateServiceManager0 in 3ms
[2023-12-03 00:56:43,556]-[eventLoopGroupProxy-4-10] INFO  Application - [32m200 OK[m: [36mPOST[m - /kv/routeLateServiceManager0 in 2ms
[2023-12-03 00:56:49,966]-[eventLoopGroupProxy-4-11] INFO  Application - [32m200 OK[m: [36mPOST[m - /kv/routeLateServiceManager0 in 4ms
[2023-12-03 00:57:48,583]-[eventLoopGroupProxy-4-12] INFO  Application - [32m200 OK[m: [36mPOST[m - /kv/routeLateServiceManager0 in 2ms
[2023-12-03 00:57:48,586]-[eventLoopGroupProxy-4-13] INFO  Application - [32m200 OK[m: [36mPOST[m - /kv/routeLateServiceManager0 in 2ms
[2023-12-03 00:57:48,630]-[eventLoopGroupProxy-4-14] INFO  Application - [32m200 OK[m: [36mPOST[m - /kv/routeLateServiceManager0 in 3ms
[2023-12-03 01:15:01,023]-[eventLoopGroupProxy-4-15] INFO  Application - [32m200 OK[m: [36mPOST[m - /kv/routeLateServiceManager0 in 3ms
[2023-12-03 01:15:01,024]-[eventLoopGroupProxy-4-16] INFO  Application - [32m200 OK[m: [36mPOST[m - /kv/routeLateServiceManager0 in 5ms
[2023-12-03 01:15:01,027]-[eventLoopGroupProxy-4-1] INFO  Application - [32m200 OK[m: [36mPOST[m - /kv/routeLateServiceManager0 in 3ms
[2023-12-03 01:15:07,147]-[eventLoopGroupProxy-4-2] INFO  Application - [32m200 OK[m: [36mPOST[m - /kv/routeLateServiceManager0 in 2ms
[2023-12-03 01:15:09,976]-[eventLoopGroupProxy-4-3] INFO  Application - [32m200 OK[m: [36mPOST[m - /kv/routeLateServiceManager0 in 2ms
[2023-12-03 01:18:08,863]-[eventLoopGroupProxy-4-4] INFO  Application - [31m404 Not Found[m: [36mGET[m - / in 16ms
[2023-12-03 01:20:01,516]-[main] INFO  Application - Autoreload is disabled because the development mode is off.
[2023-12-03 01:20:01,958]-[main] INFO  [Koin] - Koin started with 10 definitions in 0.6638 ms
[2023-12-03 01:20:01,960]-[main] INFO  Application - Application started in 0.481 seconds.
[2023-12-03 01:20:01,961]-[main] INFO  Application - Application started: io.ktor.server.application.Application@68e62ca4
[2023-12-03 01:20:02,158]-[DefaultDispatcher-worker-2] INFO  Application - Responding at http://127.0.0.1:8080
[2023-12-03 01:20:33,607]-[eventLoopGroupProxy-4-1] INFO  [Koin] - | Scope 'q:'org.koin.ktor.plugin.RequestScope'' not defined. Creating it ...
[2023-12-03 01:20:33,996]-[eventLoopGroupProxy-4-1] INFO  Application - [32m200 OK[m: [36mPOST[m - /kv/routeLateServiceManager0 in 391ms
[2023-12-03 01:24:05,127]-[eventLoopGroupProxy-4-2] INFO  Application - [32m200 OK[m: [36mPOST[m - /kv/routeLateServiceManager0 in 2ms
[2023-12-03 01:24:19,323]-[eventLoopGroupProxy-4-3] INFO  Application - [32m200 OK[m: [36mPOST[m - /kv/routeLateServiceManager0 in 2ms
[2023-12-03 01:25:12,081]-[eventLoopGroupProxy-4-4] INFO  Application - [32m200 OK[m: [36mPOST[m - /kv/routeLateServiceManager0 in 3ms
[2023-12-03 01:26:36,776]-[eventLoopGroupProxy-4-5] INFO  Application - [32m200 OK[m: [36mPOST[m - /kv/routeLateServiceManager0 in 3ms
[2023-12-03 01:27:06,956]-[eventLoopGroupProxy-4-6] INFO  Application - [32m200 OK[m: [36mPOST[m - /kv/routeLateServiceManager0 in 3ms
